<?xml version="1.0" encoding="utf-8"?><testsuites name="pytest tests"><testsuite name="pytest" errors="0" failures="0" skipped="0" tests="5" time="5.801" timestamp="2026-05-01T05:32:18.584541+00:00" hostname="agent-env-7220a75d-4ee9-4507-a0ae-f5a26cfccb2e"><testcase classname="backend.tests.test_iteration3" name="test_reels_analytics_shape" time="0.200" /><testcase classname="backend.tests.test_iteration3" name="test_reels_post_creates_planner_content_event" time="0.416" /><testcase classname="backend.tests.test_iteration3" name="test_reels_meera_suggestion" time="2.453" /><testcase classname="backend.tests.test_iteration3" name="test_progress_weekly_shape" time="0.053" /><testcase classname="backend.tests.test_iteration3" name="test_progress_meera_verdict" time="2.598" /></testsuite></testsuites>