<?xml version="1.0" encoding="utf-8"?><testsuites name="pytest tests"><testsuite name="pytest" errors="0" failures="0" skipped="0" tests="13" time="6.725" timestamp="2026-05-01T03:57:18.928992+00:00" hostname="agent-env-7220a75d-4ee9-4507-a0ae-f5a26cfccb2e"><testcase classname="backend.tests.test_sthira_backend" name="test_inspiration" time="3.353" /><testcase classname="backend.tests.test_sthira_backend" name="test_priorities_crud" time="0.194" /><testcase classname="backend.tests.test_sthira_backend" name="test_watch_goals" time="0.100" /><testcase classname="backend.tests.test_sthira_backend" name="test_planner" time="0.151" /><testcase classname="backend.tests.test_sthira_backend" name="test_fitness_program" time="0.046" /><testcase classname="backend.tests.test_sthira_backend" name="test_fitness_logs" time="0.128" /><testcase classname="backend.tests.test_sthira_backend" name="test_firm_seeded" time="0.044" /><testcase classname="backend.tests.test_sthira_backend" name="test_firm_crud" time="0.132" /><testcase classname="backend.tests.test_sthira_backend" name="test_cycle_get_put" time="0.134" /><testcase classname="backend.tests.test_sthira_backend" name="test_cycle_logs" time="0.097" /><testcase classname="backend.tests.test_sthira_backend" name="test_measurements" time="0.098" /><testcase classname="backend.tests.test_sthira_backend" name="test_mind_crud" time="0.140" /><testcase classname="backend.tests.test_sthira_backend" name="test_meera_chat" time="1.984" /></testsuite></testsuites>